<?xml version="1.0" encoding="UTF-8"?>
<testsuite name="com.spring.scheduler.springbootscheduler.SpringBootSchedulerApplicationTests" tests="1" skipped="0" failures="0" errors="0" timestamp="2020-01-13T07:05:43" hostname="MLLAINPUAN1502-0004" time="0.157">
  <properties/>
  <testcase name="contextLoads()" classname="com.spring.scheduler.springbootscheduler.SpringBootSchedulerApplicationTests" time="0.157"/>
  <system-out><![CDATA[12:35:42.273 [Test worker] DEBUG org.springframework.test.context.BootstrapUtils - Instantiating CacheAwareContextLoaderDelegate from class [org.springframework.test.context.cache.DefaultCacheAwareContextLoaderDelegate]
12:35:42.289 [Test worker] DEBUG org.springframework.test.context.BootstrapUtils - Instantiating BootstrapContext using constructor [public org.springframework.test.context.support.DefaultBootstrapContext(java.lang.Class,org.springframework.test.context.CacheAwareContextLoaderDelegate)]
12:35:42.316 [Test worker] DEBUG org.springframework.test.context.BootstrapUtils - Instantiating TestContextBootstrapper for test class [com.spring.scheduler.springbootscheduler.SpringBootSchedulerApplicationTests] from class [org.springframework.boot.test.context.SpringBootTestContextBootstrapper]
12:35:42.330 [Test worker] INFO org.springframework.boot.test.context.SpringBootTestContextBootstrapper - Neither @ContextConfiguration nor @ContextHierarchy found for test class [com.spring.scheduler.springbootscheduler.SpringBootSchedulerApplicationTests], using SpringBootContextLoader
12:35:42.333 [Test worker] DEBUG org.springframework.test.context.support.AbstractContextLoader - Did not detect default resource location for test class [com.spring.scheduler.springbootscheduler.SpringBootSchedulerApplicationTests]: class path resource [com/spring/scheduler/springbootscheduler/SpringBootSchedulerApplicationTests-context.xml] does not exist
12:35:42.333 [Test worker] DEBUG org.springframework.test.context.support.AbstractContextLoader - Did not detect default resource location for test class [com.spring.scheduler.springbootscheduler.SpringBootSchedulerApplicationTests]: class path resource [com/spring/scheduler/springbootscheduler/SpringBootSchedulerApplicationTestsContext.groovy] does not exist
12:35:42.334 [Test worker] INFO org.springframework.test.context.support.AbstractContextLoader - Could not detect default resource locations for test class [com.spring.scheduler.springbootscheduler.SpringBootSchedulerApplicationTests]: no resource found for suffixes {-context.xml, Context.groovy}.
12:35:42.334 [Test worker] INFO org.springframework.test.context.support.AnnotationConfigContextLoaderUtils - Could not detect default configuration classes for test class [com.spring.scheduler.springbootscheduler.SpringBootSchedulerApplicationTests]: SpringBootSchedulerApplicationTests does not declare any static, non-private, non-final, nested classes annotated with @Configuration.
12:35:42.363 [Test worker] DEBUG org.springframework.test.context.support.ActiveProfilesUtils - Could not find an 'annotation declaring class' for annotation type [org.springframework.test.context.ActiveProfiles] and class [com.spring.scheduler.springbootscheduler.SpringBootSchedulerApplicationTests]
12:35:42.426 [Test worker] DEBUG org.springframework.context.annotation.ClassPathScanningCandidateComponentProvider - Identified candidate component class: file [/Users/kumb09/Downloads/spring-boot-scheduler/build/classes/java/main/com/spring/scheduler/SpringBootSchedulerApplication.class]
12:35:42.427 [Test worker] INFO org.springframework.boot.test.context.SpringBootTestContextBootstrapper - Found @SpringBootConfiguration com.spring.scheduler.SpringBootSchedulerApplication for test class com.spring.scheduler.springbootscheduler.SpringBootSchedulerApplicationTests
12:35:42.515 [Test worker] DEBUG org.springframework.boot.test.context.SpringBootTestContextBootstrapper - @TestExecutionListeners is not present for class [com.spring.scheduler.springbootscheduler.SpringBootSchedulerApplicationTests]: using defaults.
12:35:42.515 [Test worker] INFO org.springframework.boot.test.context.SpringBootTestContextBootstrapper - Loaded default TestExecutionListener class names from location [META-INF/spring.factories]: [org.springframework.boot.test.autoconfigure.restdocs.RestDocsTestExecutionListener, org.springframework.boot.test.autoconfigure.web.client.MockRestServiceServerResetTestExecutionListener, org.springframework.boot.test.autoconfigure.web.servlet.MockMvcPrintOnlyOnFailureTestExecutionListener, org.springframework.boot.test.autoconfigure.web.servlet.WebDriverTestExecutionListener, org.springframework.boot.test.mock.mockito.MockitoTestExecutionListener, org.springframework.boot.test.mock.mockito.ResetMocksTestExecutionListener, org.springframework.test.context.web.ServletTestExecutionListener, org.springframework.test.context.support.DirtiesContextBeforeModesTestExecutionListener, org.springframework.test.context.support.DependencyInjectionTestExecutionListener, org.springframework.test.context.support.DirtiesContextTestExecutionListener, org.springframework.test.context.transaction.TransactionalTestExecutionListener, org.springframework.test.context.jdbc.SqlScriptsTestExecutionListener, org.springframework.test.context.event.EventPublishingTestExecutionListener]
12:35:42.520 [Test worker] DEBUG org.springframework.boot.test.context.SpringBootTestContextBootstrapper - Skipping candidate TestExecutionListener [org.springframework.test.context.web.ServletTestExecutionListener] due to a missing dependency. Specify custom listener classes or make the default listener classes and their required dependencies available. Offending class: [javax/servlet/ServletContext]
12:35:42.525 [Test worker] INFO org.springframework.boot.test.context.SpringBootTestContextBootstrapper - Using TestExecutionListeners: [org.springframework.test.context.support.DirtiesContextBeforeModesTestExecutionListener@190c2149, org.springframework.boot.test.mock.mockito.MockitoTestExecutionListener@6c1195b4, org.springframework.boot.test.autoconfigure.SpringBootDependencyInjectionTestExecutionListener@5e3846d4, org.springframework.test.context.support.DirtiesContextTestExecutionListener@78c29793, org.springframework.test.context.transaction.TransactionalTestExecutionListener@3cf7ab, org.springframework.test.context.jdbc.SqlScriptsTestExecutionListener@60606e2d, org.springframework.test.context.event.EventPublishingTestExecutionListener@7c728a13, org.springframework.boot.test.autoconfigure.restdocs.RestDocsTestExecutionListener@1060f401, org.springframework.boot.test.autoconfigure.web.client.MockRestServiceServerResetTestExecutionListener@7786d809, org.springframework.boot.test.autoconfigure.web.servlet.MockMvcPrintOnlyOnFailureTestExecutionListener@14f4c1d2, org.springframework.boot.test.autoconfigure.web.servlet.WebDriverTestExecutionListener@7c3ef34d, org.springframework.boot.test.mock.mockito.ResetMocksTestExecutionListener@6be9d037]
12:35:42.528 [Test worker] DEBUG org.springframework.test.context.support.AbstractDirtiesContextTestExecutionListener - Before test class: context [DefaultTestContext@7c147fe0 testClass = SpringBootSchedulerApplicationTests, testInstance = [null], testMethod = [null], testException = [null], mergedContextConfiguration = [MergedContextConfiguration@22ba9b8a testClass = SpringBootSchedulerApplicationTests, locations = '{}', classes = '{class com.spring.scheduler.SpringBootSchedulerApplication}', contextInitializerClasses = '[]', activeProfiles = '{}', propertySourceLocations = '{}', propertySourceProperties = '{org.springframework.boot.test.context.SpringBootTestContextBootstrapper=true}', contextCustomizers = set[org.springframework.boot.test.autoconfigure.properties.PropertyMappingContextCustomizer@0, org.springframework.boot.test.autoconfigure.web.servlet.WebDriverContextCustomizerFactory$Customizer@68769063, org.springframework.boot.test.context.filter.ExcludeFilterContextCustomizer@17ccd6d4, org.springframework.boot.test.json.DuplicateJsonObjectContextCustomizerFactory$DuplicateJsonObjectContextCustomizer@68c5fe1e, org.springframework.boot.test.mock.mockito.MockitoContextCustomizer@0, org.springframework.boot.test.web.client.TestRestTemplateContextCustomizer@5923f11a], contextLoader = 'org.springframework.boot.test.context.SpringBootContextLoader', parent = [null]], attributes = map[[empty]]], class annotated with @DirtiesContext [false] with mode [null].
12:35:42.535 [Test worker] DEBUG org.springframework.test.context.support.DependencyInjectionTestExecutionListener - Performing dependency injection for test context [[DefaultTestContext@7c147fe0 testClass = SpringBootSchedulerApplicationTests, testInstance = com.spring.scheduler.springbootscheduler.SpringBootSchedulerApplicationTests@2caa86f4, testMethod = [null], testException = [null], mergedContextConfiguration = [MergedContextConfiguration@22ba9b8a testClass = SpringBootSchedulerApplicationTests, locations = '{}', classes = '{class com.spring.scheduler.SpringBootSchedulerApplication}', contextInitializerClasses = '[]', activeProfiles = '{}', propertySourceLocations = '{}', propertySourceProperties = '{org.springframework.boot.test.context.SpringBootTestContextBootstrapper=true}', contextCustomizers = set[org.springframework.boot.test.autoconfigure.properties.PropertyMappingContextCustomizer@0, org.springframework.boot.test.autoconfigure.web.servlet.WebDriverContextCustomizerFactory$Customizer@68769063, org.springframework.boot.test.context.filter.ExcludeFilterContextCustomizer@17ccd6d4, org.springframework.boot.test.json.DuplicateJsonObjectContextCustomizerFactory$DuplicateJsonObjectContextCustomizer@68c5fe1e, org.springframework.boot.test.mock.mockito.MockitoContextCustomizer@0, org.springframework.boot.test.web.client.TestRestTemplateContextCustomizer@5923f11a], contextLoader = 'org.springframework.boot.test.context.SpringBootContextLoader', parent = [null]], attributes = map[[empty]]]].
12:35:42.551 [Test worker] DEBUG org.springframework.test.context.support.TestPropertySourceUtils - Adding inlined properties to environment: {spring.jmx.enabled=false, org.springframework.boot.test.context.SpringBootTestContextBootstrapper=true, server.port=-1}

  .   ____          _            __ _ _
 /\\ / ___'_ __ _ _(_)_ __  __ _ \ \ \ \
( ( )\___ | '_ | '_| | '_ \/ _` | \ \ \ \
 \\/  ___)| |_)| | | | | || (_| |  ) ) ) )
  '  |____| .__|_| |_|_| |_\__, | / / / /
 =========|_|==============|___/=/_/_/_/
 :: Spring Boot ::        (v2.2.2.RELEASE)

2020-01-13 12:35:42.703  INFO 46546 --- [    Test worker] .s.s.SpringBootSchedulerApplicationTests : Starting SpringBootSchedulerApplicationTests on MLLAINPUAN1502-0004 with PID 46546 (started by kumb09 in /Users/kumb09/Downloads/spring-boot-scheduler)
2020-01-13 12:35:42.704  INFO 46546 --- [    Test worker] .s.s.SpringBootSchedulerApplicationTests : No active profile set, falling back to default profiles: default
2020-01-13 12:35:43.291  INFO 46546 --- [    Test worker] org.quartz.impl.StdSchedulerFactory      : Using default implementation for ThreadExecutor
2020-01-13 12:35:43.301  INFO 46546 --- [    Test worker] org.quartz.core.SchedulerSignalerImpl    : Initialized Scheduler Signaller of type: class org.quartz.core.SchedulerSignalerImpl
2020-01-13 12:35:43.301  INFO 46546 --- [    Test worker] org.quartz.core.QuartzScheduler          : Quartz Scheduler v.2.3.2 created.
2020-01-13 12:35:43.302  INFO 46546 --- [    Test worker] org.quartz.simpl.RAMJobStore             : RAMJobStore initialized.
2020-01-13 12:35:43.303  INFO 46546 --- [    Test worker] org.quartz.core.QuartzScheduler          : Scheduler meta-data: Quartz Scheduler (v2.3.2) 'scheduler' with instanceId 'NON_CLUSTERED'
  Scheduler class: 'org.quartz.core.QuartzScheduler' - running locally.
  NOT STARTED.
  Currently in standby mode.
  Number of jobs executed: 0
  Using thread pool 'org.quartz.simpl.SimpleThreadPool' - with 10 threads.
  Using job-store 'org.quartz.simpl.RAMJobStore' - which does not support persistence. and is not clustered.

2020-01-13 12:35:43.303  INFO 46546 --- [    Test worker] org.quartz.impl.StdSchedulerFactory      : Quartz scheduler 'scheduler' initialized from an externally provided properties instance.
2020-01-13 12:35:43.303  INFO 46546 --- [    Test worker] org.quartz.impl.StdSchedulerFactory      : Quartz scheduler version: 2.3.2
2020-01-13 12:35:43.304  INFO 46546 --- [    Test worker] org.quartz.core.QuartzScheduler          : JobFactory set to: com.spring.scheduler.configuration.AutowiringSpringBeanJobFactory@572f72df
2020-01-13 12:35:43.383  INFO 46546 --- [    Test worker] o.s.s.quartz.SchedulerFactoryBean        : Starting Quartz Scheduler now
2020-01-13 12:35:43.383  INFO 46546 --- [    Test worker] org.quartz.core.QuartzScheduler          : Scheduler scheduler_$_NON_CLUSTERED started.
2020-01-13 12:35:43.393  INFO 46546 --- [    Test worker] .s.s.SpringBootSchedulerApplicationTests : Started SpringBootSchedulerApplicationTests in 0.84 seconds (JVM running for 1.734)
]]></system-out>
  <system-err><![CDATA[]]></system-err>
</testsuite>
